[    0.000000] Iniializing cgroup subsys cpuset
[    0.000000]Initializig cgroup subsys cpu
[    0000000] Initializing cgroup subsys cpuacct
[    0.000000] Linux version 4.4.0-130-generic (buildd@lgw01-amd64-039) (gcc version 5.4.0 20160609 (Ubuntu .4.0-6ubuntu1~16.4.9) ) #156-Ubuntu SMP Thu Jun 14 08:533:28 UTC 2018 (Ubuntu 4.4.0-130.156-generic 4.4.134)
[    0.000000] Command line: BOOT_IMAGE=/boot/vmlinuz-4.4.0-130-generic root=LABEL=loudimg-rootfs ro console=tty1 console=ttyS0
[    0.000000] KERNEL suported cpus:
[    0.000000]   Intel GenuineIntel
[    0.00000]   AMD AuthenicAMD
[    0.000000]  Centaur CentaurHauls
[    0.000000] x86/fpu: xstate_offet[2]:  576, state_sizes[2]:  256
[    0.000000 x86/fpu: Supporting XSAVE feature 0x01: 'x87 floating point registers'
[    0.000000] x86/fpu: Supporting XSAVE feature 0x02: 'SE register'
[    0.00000] x86/fpu: Supporting XSAVE feature 0x04: 'AVX registers'
[    0.0000000] x86/fpu: Enabled xstate features 0x7, context size is 832 bytes, using 'standard' format.
[    0.000000] x86/fpu: Using 'eager' FPU context switches.
[    0.000000] e820: BIOS-provided physical RAM map:
[    .000000 BIOS-e820: [mem 0x0000000000000000-0x000000000009fbff] usable
[    0.000000] BIOS-e820: [mem 0x000000000009fc000x000000000009ffff] reserved
[    0.000000]BIOS-e820: [mem 0x00000000000f0000-0x00000000000fffff] reserved
[    0.000000] BIOS-e820: [mem 0x0000000000100000-0x000000003feffff] usable
[    0.000000] BIOS-e820: [mem 0x000000003fff0000-0x000000003ffffff] ACI data
[    0.000000] BIOS-820: [mem 0x00000000fec00000-0x00000000fec00fff] reserved
[    0.00000] BIOS-e820: [mem 0x00000000fee00000-0x00000000fee00fff] reserved
[    0.000000] BIOS-e820: [mem 0x00000000fffc0000-0x00000000ffffffff] reserved
[    0.000000] NX (Execute Disable) protection: active
[    0.000000] SMBIOS 2.5 present.
[    0.00000] Hypervisor detected: KVM
[    0.000000] e820: last_pfn = 0x3fff0 max_arch_pfn = 0x400000000
[    0.000000] MTRR: Disabled
[    0.000000] x86/PAT: MTRRs disabled, skipping PAT initialization too.
[    0.000000] CPU MTRRs allblank - virtualized system.
[    0.000000] x86/PAT: Configuration [0-7]: WB  WT  UC- UC  WB  WT  UC- UC  
[    0.000000] found SMP MP-table at [mem 0x0009fff0-0x0009ffff] mapped at [ffff88000009fff0]
[    0.000000] Scanning 1 areas for low memory corruption
[    0.000000] RAMDISK: [mem 0x36aa4000-0x37549fff]
[    0.000000] ACPI: Early table checksum verification disabled
[    0.000000] ACPI: RSDP 0x00000000000E0000 000024 (v02 VBOX  )
[    0.000000] ACPI: XSDT 0x000000003FFF0030 00003C (v01 VBOX   VBOXXSDT 00000001 ASL  00000061)
[    0.000000] ACPI: FACP 0x000000003FFF00F0 0000F4 (v04 VBOX   VBOXFACP 00000001 ASL  00000061)
[    0.000000] ACPI: DSDT 0x000000003FFF0470 0021FF (v02 VBOX   VBOXBIOS 00000002 INTL 20100528)
[    0.000000] ACPI: FACS 0x000000003FFF0200 000040
[    0.000000] ACPI: FACS 0x000000003FFF0200 000040
[    0.000000] ACPI: APIC 0x000000003FFF0240 00005C (v02 VBOX   VBOXAPIC 00000001 ASL  00000061)
[    0.000000] ACPI: SSDT 0x000000003FFF02A0 0001CC (v01 VBOX   VBOXCPUT 00000002 INTL 20100528)
[    0.000000] No NUMA configuration found
[    0.000000] Faking a node at [mem 0x0000000000000000-0x000000003ffeffff]
[    0.000000] NODE_DATA(0) allocated [mem 0x3ffeb000-0x3ffeffff]
[    0.000000] kvm-clock: Using msrs 4b564d01 and 4b564d00
[    0.000000] kvm-clock: cpu 0, msr 0:3ffe3001, primary cpu clock
[    0.000000] kvm-clock: using sched offset of 3756046325 cycles
[    0.000000] clocksource: kvm-clock: mask: 0xffffffffffffffff max_cycles: 0x1cd42e4dffb, max_idle_ns: 881590591483 ns
[    0.000000] Zone ranges:
[    0.000000]   DMA      [mem 0x0000000000001000-0x0000000000ffffff]
[    0.000000]   DMA32    [mem 0x0000000001000000-0x000000003ffeffff]
[    0.000000]   Normal   empty
[    0.000000]   Device   empty
[    0.000000] Movable zone tart for each node
[    0.000000] Early memory node ranges
[    0.000000]   node   0: [mem 0x0000000000001000-0x000000000009efff]
[    0.000000]   node   0: [mem 0x0000000000100000-0x000000003ffeffff]
[    0.000000] Initmem setup node 0 [mem 0x0000000000001000-0x000000003ffeffff]
[    0.000000] ACPI: PM-Timer IO Port: 0x4008
[    0.000000] IOAPIC[0]: apic_id 2, version 32, address 0xfec00000, GSI 0-23
[    0.000000] ACPI: INT_SRC_OVR (bus 0 bus_irq 0 global_irq 2 dfl dfl)
[    0.000000] ACPI: INT_SRC_OVR (bus 0 bus_irq 9 global_irq 9 low level)
[    0.000000] Using ACPI (MADT) for SMP configuration information
[    0.000000] smpboot: Allowing 2 CPUs, 0 hotplug CPUs
[    0.000000] PM: Registered nosave memory: [mem 0x00000000-0x00000fff]
[    0.000000] PM: Registered nosave memory: [mem 0x0009f000-0x0009ffff]
[    0.000000] PM: Registered nosave memory: [mem 0x000a0000-0x000effff]
[    0.000000] PM: Registered nosave memory [mem 0x000f0000-0x000fffff]
[    0.000000] e820: [mem 0x40000000-0xfebfffff] available for PCI devices
[    0.000000] Booting paravirtalized kernel on KVM
[    0.000000] clocksource: refined-jiffies: mask: 0xffffffff max_cycles: 0xffffffff, max_idle_ns: 7645519600211568 ns
[     0.000000] setup_percpu: NR_CPUS:512 nr_cpumask_bits:512 nr_cpu_ids:2 nr_node_ids:1
[    0.000000] PERCPU: Embedded 34 pages/cpu @ffff88003fc00000 s99544 r8192 d31528 u1048576
[    0.000000] PV qspinlk hash table entries: 256 (order: 0, 4096 bytes)
[    0.000000] Built 1 zonelists in Node order, mobility grouping on.  Total pages: 257912
[    0.000000] Policy zone: DMA32
[    0.000000] Kernel command line: BOOT_IMAGE=/boot/vmlinuz-4.4.0-130-generic root=LABEL=cloudimg-rootfs ro console=tty1 console=ttyS0
[    0.000000] PID hash table entries: 4096 (order: 3, 32768 bytes)
[    0.000000] Memory: 1001612K/1048120K available (8546K kernel code, 1313K rwdata, 4000K rodata, 1516K init, 1316K bss, 46508K reserved, 0K cma-reserved)
[    0.0000000] SLUB: HWalign=64, Order=0-3, MinObjects=0, CPUs=2, Nodes=1
[    0.000000] Kernel/User page tables isolation: enabled
[    0.000000] Hierarchical RCU implementation.
[  0.000000] 	Build-time adjustment of leaf fanout to 64.
[    0.000000] 	RCU restricting CPUs from NR_CPUS=512 to nr_cpu_ids=2.
[    0.000000] RCU: Austing geometry for rcu_fanout_leaf=64, nr_cpu_id=2
[    0.000000] NR_IRQS:33024 nrirqs:440 16
[    0.000000] Cosole: colour VGA+ 80x25
[    .000000] console [tty1] enabled
[    0.000000] console [ttyS0] enabled
  0.000000] tsc: Detected 1599.999 MHz processor

[    1.159578] Calibrating delay loop (skipped) preset value.. 3199.99 BogoMIPS (lpj=6399996)
[    1.165247] pid_max: default: 32768 minimum: 301
[    1.167803] ACPI: Core revision 20150930
[    1.176602] ACPI: 2 ACPI AML tables successfully acquired and loaded
[    1.197233] Security Framework initialized
[    1.215863] Yama: becoming mindful.
[    1.232121] AppArmor: AppArmor initialized
[    1.261892] Dentry cache hash table entries: 131072 (order: 8, 1048576 bytes)
[    1.282138] Inode-cache hash table entries: 65536 (order: 7, 524288 bytes)
[    1.285054] Mount-cache hash table entries: 2048 (order: 2, 16384 bytes)
[    1.295354] Mountpoint-cache hash table entries: 2048 (order: 2, 16384 bytes)
[    1.300797] Initializing cgroup subsys io
[    1.306824] Initializing cgroup subsys memory
[    1.308709] Initializing cgroup subsys devices
[    1.310654] Initializing cgroup subsys freezer
[    1.312580] Initializing cgroup subsys net_cls
[    1.314540] Initializing cgroup subsys perf_event
[    1.316600] Initializing cgroup subsys net_prio
[    1.318549] Initializing cgroup subsys hugetlb
[    1.320411] Initializing cgroup subsys pids
[    1.322754] CPU: Physical Processor ID: 0
[    1.324986] CPU: Processor Core ID: 0
[    1.336572] mce: CPU supports 0 MCE banks
[    1.344303] Last level iTLB entries: 4KB 64, 2MB 8, 4MB 8
[    1.347234] Last level dTLB entries: 4KB 64, 2MB 0, 4MB 0, 1GB 4
[    1.355778] Spectre V2 : Mitigation: Full generic retpoline
[    1.368789] Spectre V2 : Speculation control IBPB not-supported IBRS not-supported
[    1.376656] Speculative Store Bypass: Vulnerable
[    1.386164] Freeing SMP alternatives memory: 32K
[    1.429494] ftrace: allocating 32245 entries in 126 pages
[    1.518116] smpboot: APIC(0) Converting physical 0 to logical package 0
[    1.527104] smpboot: Max logical packages: 1
[    1.529971] x2apic enabled
[    1.532861] Switched APIC routing to physical x2apic.
[    1.542401] ..TIMER: vector=0x30 apic1=0 pin1=2 apic2=-1 pin2=-1
[    1.654074] smpboot: CPU0: Intel(R) Core(TM) i5-5250U CPU @ 1.60GHz (family: 0x6, model: 0x3d, stepping: 0x4)
[    1.666933] Performance Events: unsupported p6 CPU model 61 no PMU driver, software events only.
[    1.678875] KVM setup paravirtual spinlock
[    1.684349] x86: Booting SMP configuration:
[    1.687403] .... node  #0, CPUs:      #1
[    1.693137] kvm-clock: cpu 1, msr 0:3ffe3041, secondary cpu clock
[    1.700601] mce: CPU supports 0 MCE banks
[    1.704059] x86: Booted up 1 node, 2 CPUs
[    1.715525] smpboot: Total of 2 processors activated (6399.99 BogoMIPS)
[    1.720921] devtmpfs: initialized
[    1.726204] evm: security.selinux
[    1.729329] evm: security.SMACK64
[    1.737483] evm: security.SMACK64EXEC
[    1.741549] evm: security.SMACK64TRANSMUTE
[    1.743854] evm: security.SMACK64MMAP
[    1.748302] evm: security.ima
[    1.757052] evm: security.capability
[    1.759085] clocksource: jiffies: mask: 0xffffffff max_cycles: 0xffffffff, max_idle_ns: 7645041785100000 ns
[    1.779042] futex hash table entries: 512 (order: 3, 32768 bytes)
[    1.782645] pinctrl core: initialized pinctrl subsystem
[    1.788284] RTC time: 22:00:22, date: 07/23/18
[    1.799931] NET: Registered protocol family 16
[    1.822591] cpuidle: using governor ladder
[    1.835267] cpuidle: using governor menu
[    1.837791] PCCT header not found.
[    1.845086] ACPI: bus type PCI registered
[    1.849723] acpiphp: ACPI Hot Plug PCI Controller Driver version: 0.5
[    1.855068] PCI: Using configuration type 1 for base access
[    1.871583] ACPI: Added _OSI(Module Device)
[    1.876014] ACPI: Added _OSI(Processor Device)
[    1.960038] ACPI: Added _OSI(3.0 _SCP Extensions)
[    2.040722] ACPI: Added _OSI(Processor Aggregator Device)
[    2.062278] ACPI: Executed 1 blocks of module-level executable AML code
[    2.083746] ACPI: Interpreter enabled
[    2.093084] ACPI: (supports S0 S5)
[    2.095425] ACPI: Using IOAPIC for interrupt routing
[    2.098687] PCI: Using host bridge windows from ACPI; if necessary, use "pci=nocrs" and report a bug
[    2.131004] ACPI: PCI Root Bridge [PCI0] (domain 0000 [bus 00-ff])
[    2.139793] acpi PNP0A03:00: _OSC: OS supports [ASPM ClockPM Segments MSI]
[    2.145399] acpi PNP0A03:00: _OSC: not requesting OS control; OS requires [ExtendedConfig ASPM ClockPM MSI]
[    2.152695] acpi PNP0A03:00: fail to add MMCONFIG information, can't access extended PCI configuration space under this bridge.
[    2.172408] PCI host bridge to bus 0000:00
[    2.174948] pci_bus 0000:00: root bus resource [io  0x0000-0x0cf7 window]
[    2.190798] pci_bus 0000:00: root bus resource [io  0x0d00-0xffff window]
[    2.202708] pci_bus 0000:00: root bus resource [mem 0x000a0000-0x000bffff window]
[    2.212449] pci_bus 0000:00: root bus resource [mem 0x40000000-0xfdffffff window]
[    2.218431] pci_bus 0000:00: root bus resource [bus 00-ff]
[    2.227089] pci 0000:00:01.1: legacy IDE quirk: reg 0x10: [io  0x01f0-0x01f7]
[    2.230273] pci 0000:00:01.1: legacy IDE quirk: reg 0x14: [io  0x03f6]
[    2.235549] pci 0000:00:01.1: legacy IDE quirk: reg 0x18: [io  0x0170-0x0177]
[    2.258342] pci 0000:00:01.1: legacy IDE quirk: reg 0x1c: [io  0x0376]
[    2.297608] pci 0000:00:07.0: quirk: [io  0x4000-0x403f] claimed by PIIX4 ACPI
[    2.308800] pci 0000:00:07.0: quirk: [io  0x4100-0x410f] claimed by PIIX4 SMB
[    2.403058] ACPI: PCI Interrupt Link [LNKA] (IRQs 5 9 10 *11)
[    2.434761] ACPI: PCI Interrupt Link [LNKB] (IRQs 5 9 *10 11)
[    2.440296] ACPI: PCI Interrupt Link [LNKC] (IRQs 5 *9 10 11)
[    2.444257] ACPI: PCI Interrupt Link [LNKD] (IRQs 5 9 10 *11)
[    2.456819] ACPI: Enabled 2 GPEs in block 00 to 07
[    2.462257] vgaarb: setting as boot device: PCI:0000:00:02.0
[    2.465429] vgaarb: device added: PCI:0000:00:02.0,decodes=io+mem,owns=io+mem,locks=none
[    2.471551] vgaarb: loaded
[    2.473418] vgaarb: bridge control possible 0000:00:02.0
[    2.477127] SCSI subsystem initialized
[    2.483004] ACPI: bus type USB registered
[    2.492860] usbcore: registered new interface driver usbfs
[    2.496313] usbcore: registered new interface driver hub
[    2.499196] usbcore: registered new device driver usb
[    2.506394] PCI: Using ACPI for IRQ routing
[    2.513808] NetLabel: Initializing
[    2.516052] NetLabel:  domain hash size = 128
[    2.518693] NetLabel:  protocols = UNLABELED CIPSOv4
[    2.523146] NetLabel:  unlabeled traffic allowed by default
[    2.529615] amd_nb: Cannot enumerate AMD northbridges
[    2.533899] clocksource: Switched to clocksource kvm-clock
[    2.547373] AppArmor: AppArmor Filesystem Enabled
[    2.551347] pnp: PnP ACPI init
[    2.554289] pnp: PnP ACPI: found 3 devices
[   2.57791] clocksurce: acpi_pm: mask: 0xffffffmax_cycles: 0xfffff, max_idle_ns: 2085701024 ns
[   2.702303] NET: Registered protocol family 2

[    2.729566] TCP established hash table entries: 8192(ordr: 4, 65536 ytes)
[    2.80572] TCP bind hash table enties: 8192 (rder: , 131072 byes)
[    2.93376] TCP: Hash tables configured (established 8192 bind 8192)
[    2.963244] UDP hash table entries: 512 (orr: 2, 16384bytes)
[    3.04067] UDP-Lite hash table entries: 52 (order: 2, 16384bytes)
[   3.118486] NET: Registered potocol faily 1
[    3.21971] pci 0000:0:00.0: Limiting direct PCI/PCI transfers
[    3.291669] pci 0000:00:01.0: Activating ISA DMA hang workarounds
[    3.294256] Unpacking initramfs...

[    5.395359] reeing itrd memory: 10904K

[    5.484940] RAPL PMU detected, API unit is 2^-32 Joules, 4 fixed counters 10737418240 ms ovfl timer
[    5.489283] hw unit of domain pp0-core 2^-0 Joules
[    5.491644] hw unit of domain package 2^-0 Joules
[    5.494162] hw unit of domain dram 2^-0 Joules
[    5.500691] hw unit of domain pp1-gpu 2^-0 Joules
[    5.507373] platform rtc_cmos: registered platform RTC device (no PNP device found)
[    5.516581] Scanning for low memory corruption every 60 seconds
[    5.519958] audit: initializing netlink subsys (disabled)
[    5.523437] audit: type=2000 audit(1532383348.157:1): initialized
[    5.526321] Initialise system trusted keyring
[    5.529343] HugeTLB registered 2 MB page size, pre-allocated 0 pages
[    5.541862] zbud: loaded
[    5.551991] VFS: Disk quotas dquot_6.6.0
[    5.554362] VFS: Dquot-cache hash table entries: 512 (order 0, 4096 bytes)
[    5.557918] squashfs: version 4.0 (2009/01/31) Phillip Lougher
[    5.567739] fuse init (API version 7.23)
[    5.569855] Key type big_key registered
[    5.571650] Allocating IMA MOK and blacklist keyrings.
[    5.576990] Key type asymmetric registered
[    5.579103] Asymmetric key parser 'x509' registered
[    5.586936] Block layer SCSI generic (bsg) driver version 0.4 loaded (major 249)
[    5.590626] io scheduler noop registered
[    5.603702] io scheduler deadline registered (default)
[    5.606268] io scheduler cfq registered
[    5.608418] pci_hotplug: PCI Hot Plug PCI Core version: 0.5
[    5.612447] pciehp: PCI Express Hot Plug Controller Driver version: 0.4
[    5.616782] ACPI: AC Adapter [AC] (off-line)
[    5.618984] input: Power Button as /devices/LNXSYSTM:00/LNXPWRBN:00/input/input0
[    5.622295] ACPI: Power Button [PWRF]
[    5.624098] input: Sleep Button as /devices/LNXSYSTM:00/LNXSLPBN:00/input/input1
[    5.628133] ACPI: Sleep Button [SLPF]
[    5.631629] ACPI: Battery Slot [BAT0] (battery present)
[    5.633991] GHES: HEST is not enabled!
[    5.635829] Serial: 8250/16550 driver, 32 ports, IRQ sharing enabled
[    5.663568] 00:02: ttyS0 at I/O 0x3f8 (irq = 4, base_baud = 115200) is a 16550A
[    5.668259] Linux agpgart interface v0.103
[    5.672767] loop: module loaded
[    5.675290] scsi host0: ata_piix
[    5.677393] scsi host1: ata_piix
[    5.679090] ata1: PATA max UDMA/33 cmd 0x1f0 ctl 0x3f6 bmdma 0xd000 irq 14
[    5.681970] ata2: PATA max UDMA/33 cmd 0x170 ctl 0x376 bmdma 0xd008 irq 15
[    5.685080] libphy: Fixed MDIO Bus: probed
[    5.687249] tun: Universal TUN/TAP device driver, 1.6
[    5.689611] tun: (C) 1999-2004 Max Krasnyansky <maxk@qualcomm.com>
[    5.692427] PPP generic driver version 2.4.2
[    5.694388] ehci_hcd: USB 2.0 'Enhanced' Host Controller (EHCI) Driver
[    5.697200] ehci-pci: EHCI PCI platform driver
[    5.709312] ehci-platform: EHCI generic platform driver
[    5.711622] ohci_hcd: USB 1.1 'Open' Host Controller (OHCI) Driver
[    5.714853] ohci-pci: OHCI PCI platform driver
[    5.728144] ohci-platform: OHCI generic platform driver
[    5.740469] uhci_hcd: USB Universal Host Controller Interface driver
[    5.743288] i8042: PNP: PS/2 Controller [PNP0303:PS2K,PNP0f03:PS2M] at 0x60,0x64 irq 1,12
[    5.748301] serio: i8042 KBD port at 0x60,0x64 irq 1
[    5.750562] serio: i8042 AUX port at 0x60,0x64 irq 12
[    5.753073] mousedev: PS/2 mouse device common for all mice
[    5.756257] rtc_cmos rtc_cmos: rtc core: registered rtc_cmos as rtc0
[    5.768786] rtc_cmos rtc_cmos: alarms up to one day, 114 bytes nvram
[    5.771670] i2c /dev entries driver
[    5.773471] input: AT Translated Set 2 keyboard as /devices/platform/i8042/serio0/input/input2
[    5.777535] device-mapper: uevent: version 1.0.3
[    5.780216] device-mapper: ioctl: 4.34.0-ioctl (2015-10-28) initialised: dm-devel@redhat.com
[    5.784374] ledtrig-cpu: registered to indicate activity on CPUs
[    5.788132] NET: Registered protocol family 10
[    5.790666] NET: Registered protocol family 17
[    5.792673] Key type dns_resolver registered
[    5.795465] registered taskstats version 1
[    5.803170] Loading compiled-in X.509 certificates
[    5.806097] Loaded X.509 cert 'Build time autogenerated kernel key: b3e0fe4bcd6378c38a2c0a4648abbc1fa5043a22'
[    5.816224] zswap: loaded using pool lzo/zbud
[    5.821232] Key type trusted registered
[    5.827506] Key type encrypted registered
[    5.829480] AppArmor: AppArmor sha1 policy hashing enabled
[    5.832705] ima: No TPM chip found, activating TPM-bypass!
[    5.835294] ima: Allocated hash algorithm: sha1
[    5.837360] evm: HMAC attrs: 0x1
[    5.839842]   Magic number: 10:32:48
[    5.841667] rtc_cmos rtc_cmos: setting system clock to 2018-07-23 22:00:26 UTC (1532383226)
[    5.846095] BIOS EDD facility v0.16 2004-Jun-25, 0 devices found
[    5.854571] EDD information not available.
[    5.858371] Freeing unused kernel memory: 1516K
[    5.886217] Write protecting the kernel read-only data: 14336k
[    5.907593] Freeing unused kernel memory: 1680K
[    5.915505] Freeing unused kernel memory: 96K
Loading, please wait...
starting version 229
[    5.968467] random: udevadm: uninitialized urandom read (16 bytes read, 5 bits of entropy available)
[    5.971151] random: systemd-udevd: uninitialized urandom read (16 bytes read, 5 bits of entropy available)
[    5.971270] random: systemd-udevd: uninitialized urandom read (16 bytes read, 5 bits of entropy available)
[    5.971334] random: systemd-udevd: uninitialized urandom read (16 bytes read, 5 bits of entropy available)
[    5.971350] random: systemd-udevd: uninitialized urandom read (16 bytes read, 5 bits of entropy available)
[    6.048215] random: udevadm: uninitialized urandom read (16 bytes read, 5 bits of entropy available)
[    6.069238] random: systemd-udevd: uninitialized urandom read (16 bytes read, 5 bits of entropy available)
[    6.081903] random: udevadm: uninitialized urandom read (16 bytes read, 5 bits of entropy available)
[    6.082047] random: udevadm: uninitialized urandom read (16 bytes read, 5 bits of entropy available)
[    6.082298] random: udevadm: uninitialized urandom read (16 bytes read, 5 bits of entropy available)
[    6.270315] e1000: Intel(R) PRO/1000 Network Driver - version 7.3.21-k8-NAPI
[    6.320855] e1000: Copyright (c) 1999-2006 Intel Corporation.
[    6.332787] Fusion MPT base driver 3.04.20
[    6.334705] Copyright (c) 1999-2008 LSI Corporation
[    6.360604] Fusion MPT SPI Host driver 3.04.20
[    6.449295] AVX2 version of gcm_enc/dec engaged.
[    6.477170] AES CTR mode by8 optimization enabled
[    6.506374] tsc: Refined TSC clocksource calibration: 1599.057 MHz
[    6.515483] clocksource: tsc: mask: 0xffffffffffffffff max_cycles: 0x170caa25d9d, max_idle_ns: 440795273572 ns
[    6.552284] input: ImExPS/2 Generic Explorer Mouse as /devices/platform/i8042/serio1/input/input4
[    7.048025] e1000 0000:00:03.0 eth0: (PCI:33MHz:32-bit) 02:c5:fa:e6:4f:6d
[    7.059885] e1000 0000:00:03.0 eth0: Intel(R) PRO/1000 Network Connection
[    7.791855] e1000 0000:00:08.0 eth1: (PCI:33MHz:32-bit) 08:00:27:35:68:55
[    7.804865] e1000 0000:00:08.0 eth1: Intel(R) PRO/1000 Network Connection
[    7.819760] e1000 0000:00:03.0 enp0s3: renamed from eth0
[    7.828903] mptbase: ioc0: Initiating bringup
[    7.851912] e1000 0000:00:08.0 enp0s8: renamed from eth1
[    7.939295] ioc0: LSI53C1030 A0: Capabilities={Initiator}
[    8.603437] scsi host2: ioc0: LSI53C1030 A0, FwRev=00000000h, Ports=1, MaxQ=256, IRQ=20
[    9.311970] scsi 2:0:0:0: Direct-Access     VBOX     HARDDISK         1.0  PQ: 0 ANSI: 5
[    9.547862] scsi target2:0:0: Beginning Domain Validation
[    9.586283] scsi target2:0:0: Domain Validation skipping write tests
[    9.588937] scsi target2:0:0: Ending Domain Validation
[    9.590953] scsi target2:0:0: asynchronous
[    9.599945] scsi 2:0:1:0: Direct-Access     VBOX     HARDDISK         1.0  PQ: 0 ANSI: 5
[   10.159364] scsi target2:0:1: Beginning Domain Validation
[   10.238408] scsi target2:0:1: Domain Validation skipping write tests
[   10.274969] scsi target2:0:1: Ending Domain Validation
[   10.580804] scsi target2:0:1: asynchronous
[   10.600450] sd 2:0:0:0: [sda] 20971520 512-byte logical blocks: (10.7 GB/10.0 GiB)
[   10.600622] sd 2:0:0:0: Attached scsi generic sg0 type 0
[   10.601001] sd 2:0:1:0: Attached scsi generic sg1 type 0
[   10.601707] sd 2:0:1:0: [sdb] 20480 512-byte logical blocks: (10.5 MB/10.0 MiB)
[   10.602144] sd 2:0:1:0: [sdb] Write Protect is off
[   10.602322] sd 2:0:1:0: [sdb] Incomplete mode parameter data
[   10.602325] sd 2:0:1:0: [sdb] Assuming drive cache: write through
[   10.605296] sd 2:0:1:0: [sdb] Attached SCSI disk
[   10.670554] sd 2:0:0:0: [sda] Write Protect is off
[   10.691197] sd 2:0:0:0: [sda] Incomplete mode parameter data
[   10.702371] sd 2:0:0:0: [sda] Assuming drive cache: write through
[   10.717467]  sda: sda1
[   10.726330] sd 2:0:0:0: [sda] Attached SCSI disk
Begin: Loading e[   12.387513] md: linear personality registered for level -1
ssential drivers ... [   12.395671] md: multipath personality registered for level -4
[   12.404410] md: raid0 personality registered for level 0
[   12.411380] md: raid1 personality registered for level 1
[   12.486040] raid6: sse2x1   gen()  3833 MB/s
[   12.554422] raid6: sse2x1   xor()  3462 MB/s
[   12.622049] raid6: sse2x2   gen()  8105 MB/s
[   12.689956] raid6: sse2x2   xor()  5611 MB/s
[   12.758120] raid6: sse2x4   gen()  5378 MB/s
[   12.834173] raid6: sse2x4   xor()  5862 MB/s
[   12.906117] raid6: avx2x1   gen()  7708 MB/s
[   12.974495] raid6: avx2x2   gen() 11140 MB/s
[   13.042513] raid6: avx2x4   gen() 15392 MB/s
[   13.050537] raid6: using algorithm avx2x4 gen() 15392 MB/s
[   13.059129] raid6: using avx2x2 recovery algorithm
[   13.071480] xor: automatically using best checksumming function:
[   13.145966]    avx       : 20394.000 MB/sec
[   13.151911] async_tx: api initialized (async)
[   13.164588] md: raid6 personality registered for level 6
[   13.168322] md: raid5 personality registered for level 5
[   13.176771] md: raid4 personality registered for level 4
[   13.195948] md: raid10 personality registered for level 10
done.
Begin: Running /scripts/init-premount ... done.
Begin: Mounting root file system ... Begin: Running /scripts/local-top ... done.
Begin: Running /scripts/local-premount ... [   13.259154] Btrfs loaded
Scanning for Btrfs filesystems
done.
Warning: fsck not present, so skipping root file system
[   13.347472] EXT4-fs (sda1): mounted filesystem with ordered data mode. Opts: (null)
done.
Begin: Running /scripts/local-bottom ... done.
Begin: Running /scripts/init-bottom ... done.
[   13.474772] systemd[1]: systemd 229 running in system mode. (+PAM +AUDIT +SELINUX +IMA +APPARMOR +SMACK +SYSVINIT +UTMP +LIBCRYPTSETUP +GCRYPT +GNUTLS +ACL +XZ -LZ4 +SECCOMP +BLKID +ELFUTILS +KMOD -IDN)
[   13.482572] systemd[1]: Detected virtualization oracle.
[   13.484533] systemd[1]: Detected architecture x86-64.

Welcome to [1mUbuntu 16.04.4 LTS[0m!

[   13.496029] systemd[1]: Set hostname to <ubuntu>.
[   13.502066] systemd[1]: Initializing machine ID from random generator.
[   13.504887] systemd[1]: Installed transient /etc/machine-id file.
[   13.730096] systemd[1]: Listening on LVM2 metadata daemon socket.
[[0;32m  OK  [0m] Listening on LVM2 metadata daemon socket.
[   13.737210] systemd[1]: Listening on Journal Socket (/dev/log).
[[0;32m  OK  [0m] Listening on Journal Socket (/dev/log).
[   13.751027] systemd[1]: Listening on udev Control Socket.
[[0;32m  OK  [0m] Listening on udev Control Socket.
[   13.779017]ystemd[1]: Listenng on /dev/iitctCompatibility Named Pipe.

[[0;32m  OK  [0m] Listening on /dev/initctl Compatibility Named Pipe.
[   13.966865] systemd[1]: Created slice System Slice.
[[0;32m  OK  [0m] Created slice System Slice.
[   13.979504] systemd[1]: Started Trigger resolvconf update for networkd DNS.
[[0;32m  OK  [0m] Started Trigger resolvconf update for networkd DNS.
[   14.006839] systemd[1]: Reached target Encrypted Volumes.
[[0;32m  OK  [0m] Reached target Encrypted Volumes.
[   14.030442] systemd[1]: Reached target Swap.
[[0;32m  OK  [0m] Reached target Swap.
[   14.048956] systemd]: Set up automount Arbitrary Executable File Formats File System Automount Point.

[[0;32m  OK  [0m] Set up automount Arbitrary Executab...ats File System Automount Point.
[   14.154843] systemd[1]: Listening on udev Kernel Socket.
[[0;32m  OK  [0m] Listening on udev Kernel Socket.
[   14.88931] systemd[1]: Listening on Device-mapper event daemon FIFOs.
[[0;32m  OK  [0m] Listening on Device-mapper event daemon FIFOs.
[  14.259924] systemd[1]: Listenig on Sslog ocket.

[[0;32m  OK  [0m] Listening on Syslog Socket.
[   14.396767] systemd[1]: Started Forwardassword Requests to Wall Diretory Watch.
[[0;32m  OK  [0m] Started Forward Password Requests to Wall Directory Watch.
[   14.535780] systemd[1]: Created slice User and Session Slice.
[[0;32m  OK  [0m] Created slice User and Session Slice.
[   14.544375] systemd[1]: Listening on Journal Socket.
[[0;32m  OK  [0m] Listening on Journal Socket.
[   14.570436] systemd[1]: Mounting POSIX Message Queue File System...
         Mounting POSIX Message Queue File System...
[   14.586275] systemd[1]: Starting Create list of required static device nodes for the current kernel...
         Starting Create list of required st... nodes for the current kernel...
[   14.634850] systemd[1]: Starting Set console keymap...
         Starting Set console keymap...
[   14.652267] systemd[1]: Mounting Huge Pages File System...
         Mounting Huge Pages File System...
[   14.659367] systemd[1]: Starting Nameserver information manager...
         Starting Nameserver information manager...
[   14.666488] systemd[1]: Starting Uncomplicated firewall...
[   14.672163] random: nonblocking pool is initialized
         Starting Uncomplicated firewall...
[   14.730301] systemd[1]: Starting Monitoring of LVM2 mirrors, snapshots etc. using dmeventd or progress polling...
         Starting Monitoring of LVM2 mirrors... dmeventd or progress polling...
[   14.784550] systemd[1]: Reached target System Time Synchronized.
[[0;32m  OK  [0m] Reached target System Time Synchronized.
[  14.822915] systemd[]: Listening on Journal Audit Socket.

[[0;32m  OK  [0m] Listening on Journal Audit Socket.
[   14.898570] systemd[1]: Starting Journal Service...
         Starting Journal Service...
[   14.913003] systemd[1]: Listening on LVM2 poll daemon socket.
[[0;32m  OK  [0m] Listening on LVM2 poll daemon socket.
[   14.934808] systemd[1]: Reached target Slices.
[[0;32m  OK  [0m] Reached target Slices.
[   14.974693] systemd[1]: Starting Remount Root and Kernel File Systems...
         Starting Remount Root and Kernel File Systems...[   14.986876] EXT4-fs (sda1): re-mounted. Opts: (null)

[   14.990699] systemd[1]: Starting Load Kernel Modules...
         Starting Load Ke[   15.000231] Loading iSCSI transport class v2.0-870.
rnel Modules...
[   15.009280] systemd[1]: Reached target User and Group Name Lookups.
[[0;32m  OK  [0m] Reached target User and Group Name Lookups.
[   15.019335] iscsi: registered transport (tcp)
[   15.019966] systemd[1]: Created slice system-serial\x2dgetty.slice.
[[0;32m  OK  [0m] Created slice system-serial\x2dgetty.slice.
[   15.060887] iscsi: registered transport (iser)
[   15.062945] systemd[1]: Mounting Debug File System...
         Mounting Debug File System...
[   15093232] systemd[]: Mounted POSIX Message Queue Fie System.

[[0;32m  OK  [0m] Mounted POSIX Message Queue File System.
[   15.207417] systemd[1]: Mounted Huge Pages File System.
[[0;32m  OK  [0m] Mounted Huge Pages File System.
[   15.549367] systemd[]: Munted Debu File System.
[[0;32m  OK  [0m] Mounted Debug File System.
[   15.749560] systemd[1]: Started Journal Service.
[[0;32m  OK  [0m] Started Journal Service.
[[0;32m  OK  [0m] Started Create list of required sta...ce nodes for the current kernel.
[[0;32m  OK  [0m] Started Set console keymap.
[[0;32m  OK  [0m] Started Uncomplicated firewall.
[[0;32m  OK  [0m] Started Remount Root and Kernel File Systems.
[[0;32m  OK  [0m] Started Load Kernel Modules.
[[0;32m  OK  [0m] Started Nameserver information manager.
[[0;32m  OK  [0m] Started LVM2 metadata daemon.
         Mounting FUSE Control File System...
         Starting Apply Kernel Variables...
         Starting Load/Save Random Seed...
         Starting udev Coldplug all Devices...
         Starting Create Static Device Nodes in /dev...
         Starting Flush Journal to Persistent Storage...
[[0;32m  OK  [0m] Mounted FUSE Control File System.
[[0;32m  OK  [0m] Started Monitoring of LVM2 mirrors,...ng dmeventd or progress polling.
[[0;32m  OK  [0m] Started Apply Kernel Variables.
[[0;32m  OK  [0m] Started Load/Save Random Seed.
[[0;32m  OK  [0m] Started Create Static Device Nodes in /dev.
[[0;32m  OK  [0m] Started udev Coldplug all Devices.
[[0;32m  OK  [0m] Started Flush Journal to Persistent Storage.
         Starting udev Kernel Device Manager...
[[0;32m  OK  [0m] Started udev Kernel Device Manager.
[[0;32m  OK  [0m] Reached target Local File Systems (Pre).
[[0;32m  OK  [0m] Reached target Local File Systems.
         Starting Set console font and keymap...
         Starting Tell Plymouth To Write Out Runtime Data...
         Starting Commit a transient machine-id on disk...
         Starting Create Volatile Files and Directories...
         Starting LSB: AppArmor initialization...
         Starting Initial cloud-init job (pre-networking)...
[[0;32m  OK  [0m] Started Dispatch Password Requests to Console Directory Watch.
[[0;32m  OK  [0m] Started Tell Plymouth To Write Out Runtime Data.
[[0;32m  OK  [0m] Started Commit a transient machine-id on disk.
[[0;32m  OK  [0m] Started Create Volatile Files and Directories.
[[0;32m  OK  [0m] Found device /dev/ttyS0.
[[0;32m  OK  [0m] Listening on Load/Save RF Kill Switch Status /dev/rfkill Watch.
         Starting Update UTMP about System Boot/Shutdown...
[[0;32m  OK  [0m] Started Update UTMP about System Boot/Shutdown.
[[0;32m  OK  [0m] Started Set console font and keymap.
[[0;32m  OK  [0m] Created slice system-getty.slice.
[[0;32m  OK  [0m] Started LSB: AppArmor initialization.
[   16.818671] cloud-init[598]: Cloud-init v. 18.2 running 'init-local' at Mon, 23 Jul 2018 22:00:38 +0000. Up 16.29 seconds.
[[0;32m  OK  [0m] Started Initial cloud-init job (pre-networking).
[[0;32m  OK  [0m] Reached target Network (Pre).
         Starting Raise network interfaces...
[[0;32m  OK  [0m] Started Raise network interfaces.
         Starting Initial cloud-init job (metadata service crawler)...
[[0;32m  OK  [0m] Reached target Network.
[   18.248790] cloud-init[959]: Cloud-init v. 18.2 running 'init' at Mon, 23 Jul 2018 22:00:40 +0000. Up 17.52 seconds.
[   18.256971] cloud-init[959]: ci-info: ++++++++++++++++++++++++++++++++++++++Net device info++++++++++++++++++++++++++++++++++++++
[   18.269676] cloud-init[959]: ci-info: +--------+-------+----------------------------+---------------+-------+-------------------+
[   18.312522] cloud-init[959]: ci-info: | Device |   Up  |          Address           |      Mask     | Scope |     Hw-Address    |
[[0;32m  OK  [0m] Started Initial cloud-init job (metadata service crawler).
[   18.356405] cloud-init[959]: ci-info: +--------+-------+----------------------------+---------------+-------+-------------------+
[[0;32m  OK  [0m] Reached target Network is Online.
[   18.384421] cloud-init[959]: ci-info: | enp0s3 |  True |         10.0.2.15          | 255.255.255.0 |   .   | 02:c5:fa:e6:4f:6d |
[   18.491525]          Starting iSCSI initiator daemon (iscsid)...
[cloud-init[0;32m  OK  [0m] [959]: Reached target Cloud-config availability.ci-info: | enp0s3 |  True | fe80::c5:faff:fee6:4f6d/64 |       .       |  link | 02:c5:fa:e6:4f:6d |

[   18.555171] [[0;32m  OK  [0m] Reached target System Initialization.
[[0;32m  OK  [0m] Listening on D-Bus System Message Bus Socket.
cloud-init[959]: ci-info: | enp0s8 | False |             .              |       .       |   .   | 08:00:27:35:68:55 |
[   18.600804] [[0;32m  OK  [0m] Started ACPI Events Check.
[[0;32m  OK  [0m] Reached target Paths.
cloud-init[959]: ci-info: |   lo   |  True |         127.0.0.1          |   255.0.0.0   |   .   |         .         |
[   18.615013]          Starting LXD - unix socket.
[[0;32m  OK  [0m] Started Daily Cleanup of Temporary Directories.
[cloud-init[0;32m  OK  [0m[959]: ] ci-info: |   lo   |  True |          ::1/128           |       .       |  host |         .         |Started Daily apt download activities.

[   18.674067] [[0;32m  OK  [0m] Started Daily apt upgrade and clean activities.
cloud-init[959]: ci-info: +--------+-------+----------------------------+---------------+-------+-------------------+
[[0;32m  OK  [0m] Reached target Timers.
[[0;32m  OK  [0m] Listening on ACPID Listen Socket.
         Starting Socket activation for snappy daemon.
[[0;32m  OK  [0m] Listening on UUID daemon activation socket.
[   18.676911] cloud-init[959]: ci-info: +++++++++++++++++++++++++++Route IPv4 info++++++++++++++++++++++++++++
[   18.793370] [[0;32m  OK  [0m] Listening on LXD - unix socket.
[[0;32m  OK  [0m] Listening on Socket activation for snappy daemon.
cloud-init[959]: ci-info: +-------+-------------+----------+---------------+-----------+-------+
[   18.964696] cloud-init[[0;32m  OK  [0m] Started iSCSI initiator daemon (iscsid).
[959]: ci-info: | Route | Destination | Gateway  |    Genmask    | Interface | Flags |
[   18.977416] cloud-init[959]: ci-info: +-------+-------------+----------+---------------+-----------+-------+
[   18.996654] cloud-init[959]: ci-info: |   0   |   0.0.0.0   | 10.0.2.2 |    0.0.0.0    |   enp0s3  |   UG  |
[   19.020234]          Starting Login to default iSCSI targets...
cloud-init[959]: ci-info: |   1   |   10.0.2.0  | 0.0.0.0  | 255.255.255.0 |   enp0s3  |   U   |
[   19.066058] [[0;32m  OK  [0m] Reached target Sockets.
[[0;32m  OK  [0m] Reached target Basic System.
cloud-init[959]: ci-info: +-------+-------------+----------+---------------+-----------+-------+
         Starting Login Service...
[   19.094866] cloud-init[959]: Generating public/private rsa key pair.
[   19.105480]          Starting Pollinate to seed the pseudo random number generator...
         Starting /etc/rc.local Compatibility...
cloud-init[959]: Your identification has been saved in /etc/ssh/ssh_host_rsa_key.
         Starting Snappy daemon...
[   19.126325] cloud-init[959]: Your public key has been saved in /etc/ssh/ssh_host_rsa_key.pub.
[[0;32m  OK  [0m] Started FUSE filesystem for LXC.
[   19.168249] cloud-init[[0;32m  OK  [0m] Started Regular background program processing daemon.
         Starting Accounts Service...
[959]: The key fingerprint is:
         Starting LSB: Record successful boot for GRUB...
[[0;32m  OK  [0m] Started ACPI event daemon.
         Starting System Logging Service...[   19.182206] 
cloud-init         Starting LSB: MD monitoring daemon...
[[0;32m  OK  [0m] Started D-Bus System Message Bus.
[959]: SHA256:SY1+KEMcl9Ab2sa3bd6P1INRp5Q/ptuSMLTnSagGgvw root@ubuntu-xenial
[   19.223513] cloud-init[959]: The key's randomart image is:
[   19.241598] cloud-init[959]: +---[RSA 2048]----+
[   19.249986] cloud-init[959]: |      oo..       |
         Starting Apply the settings specified in cloud-config...
[[0;32m  OK  [0m] Started Deferred execution scheduler.
         Starting Virtualbox guest utils...
[[0;32m  OK  [0m] Started Unattended Upgrades Shutdown.
[   19.258331] cloud-init[959]: |     . o+o     . |
[   19.285715] cloud-init[959]: |      o+oo.   o..|
[   19.286223]          cloud-initStarting LXD - container startup/shutdown...[959]: 
|     ..o=o.. ..o.|
[[0;32m  OK  [0m] Started System Logging Service.
[[0;32m  OK  [0m] Started /etc/rc.local Compatibility.
[   19.287946] cloud-init[959]: |  . . o.S.ooo..o.|
[   19.346268] cloud-init[959]: |   o . + ..=oo=..|
[   19.350666] cloud-init[959]: |    . . . .o*++..|
[   19.357599] cloud-init[959]: |     E   o  .*+..|
[   19.380277] cloud-init[959]: |        .    .oo.|
[   19.383193] cloud-init[959]: +----[SHA256]-----+
[   19.398933] cloud-init[959]: Generating public/private dsa key pair.
[   19.410093] cloud-init[959]: Your identification has been saved in /etc/ssh/ssh_host_dsa_key.
[   19.427978] cloud-init[959]: Your public key has been saved in /etc/ssh/ssh_host_dsa_key.pub.
[   19.439520] cloud-init[[0;32m  OK  [0m] Started Snappy daemon.
[959]: The key fingerprint is:
[   19.448099] cloud-init[959]: SHA256:YkoddllvJ18cKX2l95eVTXv45+x9rFdmW7GAxTEtGOI root@ubuntu-xenial
[   19.454470] cloud-init[959]: The key's randomart image is:
[   19.458654] cloud-init[959]: +---[DSA 1024]----+
[   19.462577] cloud-init[959]: |         ...+o+.=|
[   19.465867] cloud-init[959]: |        .o.o =.O*|
[   19.469884] cloud-init[[0;32m  OK  [0m] Started Login to default iSCSI targets.
[959]: |      o oE  * *oO|
[   19.478909] cloud-init[959]: |     o o   o = ==|
[   19.512793] [[0;32m  OK  [0m] Started LSB: Record successful boot for GRUB.
cloud-init[959]: |    . + S     o.B|
[   19.522941] cloud-init[959]: |   . o .       +B|[[0;32m  OK  [0m] Started LSB: MD monitoring daemon.

[[0;32m  OK  [0m] Started Login Service.
[   19.540000] cloud-init[959]: |    .          +*|
[   19.552080] cloud-init[959]: |               o=|
[   19.554526] cloud-init[959]: |              .o+|
[   19.557293] cloud-init[959]: +----[SHA256]-----+
         Starting Authenticate and Authorize Users to Run Privileged Tasks...
[[0;32m  OK  [0m] Reached target Remote File Systems (Pre).
[[0;32m  OK  [0m] Reached target Remote File Systems.
[   19.560012] cloud-init[959]: Generating public/private ecdsa key pair.
         Starting LSB: daemon to balance interrupts for SMP systems...
[   19.587777] cloud-init[959]: Your identification has been saved in /etc/ssh/ssh_host_ecdsa_key.
[   19.619748] cloud-init[959]: Your public key has been saved in /etc/ssh/ssh_host_ecdsa_key.pub.
         Starting LSB: Set the CPU Frequency Scaling governor to "ondemand"...
         Starting Permit User Sessions...
         Starting LSB: automatic crash report generation...
         Starting Wait until snapd is fully seeded...
[[0;32m  OK  [0m] Started LXD - container startup/shutdown.
[[0;32m  OK  [0m] Started Authenticate and Authorize Users to Run Privileged Tasks.
[[0;32m  OK  [0m] Started Accounts Service.
[   19.628124] [[0;32m  OK  [0m] Started Permit User Sessions.
cloud-init[959]: The key fingerprint is:
[   19.668526] cloud-init[959]: SHA256:Ork6rUuxngQyGfl69t3bmSZMk0+8MiZ94N1700dxmPo root@ubuntu-xenial         Starting Hold until boot process finishes up...
         Starting Terminate Plymouth Boot Screen...
[[0;32m  OK  [0m] Started Hold until boot process finishes up.
[[0;32m  OK  [0m] Started LSB: daemon to balance interrupts for SMP systems.

[[0;32m  OK  [0m] Started Terminate Plymouth Boot Screen.
[[0;32m  OK  [0m] Started Virtualbox guest utils.
[   19.709425] cloud-init[959]: The key's randomart image is:
[[0;32m  OK  [0m] Started Serial Getty on ttyS0.
[   19.756835] cloud-init[959]: +---[ECDSA 256]---+
[[0;32m  OK  [0m] Started Getty on tty1.
[[0;32m  OK  [0m] Reached target Login Prompts.
[   19.778050] cloud-init[959]: |                 |
         Starting Set console scheme...
[[0;32m  OK  [0m] Started LSB: Set the CPU Frequency Scaling governor to "ondemand".
[[0;32m  OK  [0m] Started LSB: automatic crash report generation.
[[0;32m  OK  [0m] Started Set console scheme.
[   19.808914] cloud-init[959]: | .               |
[   19.840886] cloud-init[959]: |o              o |
[   19.850238] cloud-init[959]: | +            o..|
[   19.852920] cloud-init[959]: |+ o .   So   .  o|
[   19.855593] cloud-init[959]: | + . o o= o .   .|
[   19.864659] cloud-init[959]: |. o +.+= * o . o |
[   19.867171] cloud-init[959]: | o =.oo+O.*o. E o|
[   19.869587] cloud-init[959]: |    B=oooB+ .o ..|
[   19.873444] cloud-init[959]: +----[SHA256]-----+
[   19.883004] cloud-init[959]: Generating public/private ed25519 key pair.
[   19.886177] cloud-init[959]: Your identification has been saved in /etc/ssh/ssh_host_ed25519_key.
[   19.900331] cloud-init[959]: Your public key has been saved in /etc/ssh/ssh_host_ed25519_key.pub.
[   19.913017] cloud-init[959]: The key fingerprint is:
[   19.915664] cloud-init[959]: SHA256:YjkzNrH5bTlrEcDClHSQ1vV58nBF4nODHbP/f4dRxsc root@ubuntu-xenial
[   19.924193] cloud-init[959]: The key's randomart image is:
[   19.933740] cloud-init[959]: +--[ED25519 256]--+
[   19.942778] cloud-init[959]: |     ++*...   .+o|
[   19.958499] cloud-init[959]: |      *.+  . ooo+|
[   19.967269] cloud-init[959]: |     ... .  =.=*.|
[   19.969971] cloud-init[959]: |       =  .  * oE|
[   19.972493] cloud-init[959]: |      % S  .  .oo|
[   19.977732] cloud-init[959]: |     o B ...  . .|
[   19.993001] cloud-init[959]: |        . =.   o.|
[   19.996753] cloud-init[959]: |         ..o  . +|
[   19.999736] cloud-init[959]: |         ..     +|
[   20.002219] cloud-init[959]: +----[SHA256]-----+
[   20.235764] cloud-init[1131]: Generating locales (this might take a while)...
[[0;32m  OK  [0m] Started Pollinate to seed the pseudo random number generator.
         Starting OpenBSD Secure Shell server...
[[0;32m  OK  [0m] Started OpenBSD Secure Shell server.
[   21.187984] cloud-init[1131]:   en_US.UTF-8... done
[   21.193940] cloud-init[1131]: Generation complete.
[   21.716186] cloud-init[1131]: Cloud-init v. 18.2 running 'modules:config' at Mon, 23 Jul 2018 22:00:42 +0000. Up 20.10 seconds.
[[0;32m  OK  [0m] Created slice User Slice of vagrant.
[[0;32m  OK  [0m] Started Wait until snapd is fully seeded.
[[0;32m  OK  [0m] Started Apply the settings specified in cloud-config.
[[0;32m  OK  [0m] Started Session 1 of user vagrant.
         Starting User Manager for UID 1000...
[[0;32m  OK  [0m] Reached target Multi-User System.
[[0;32m  OK  [0m] Reached target Graphical Interface.
         Starting Update UTMP about System Runlevel Changes...
         Starting Execute cloud user/final scripts...
[[0;32m  OK  [0m] Started User Manager for UID 1000.
[[0;32m  OK  [0m] Started Update UTMP about System Runlevel Changes.
ci-info: no authorized ssh keys fingerprints found for user ubuntu.
<14>Jul 23 22:00:45 ec2: 
<14>Jul 23 22:00:45 ec2: #############################################################
<14>Jul 23 22:00:45 ec2: -----BEGIN SSH HOST KEY FINGERPRINTS-----
<14>Jul 23 22:00:45 ec2: 1024 SHA256:YkoddllvJ18cKX2l95eVTXv45+x9rFdmW7GAxTEtGOI root@ubuntu-xenial (DSA)
<14>Jul 23 22:00:45 ec2: 256 SHA256:Ork6rUuxngQyGfl69t3bmSZMk0+8MiZ94N1700dxmPo root@ubuntu-xenial (ECDSA)
<14>Jul 23 22:00:45 ec2: 256 SHA256:YjkzNrH5bTlrEcDClHSQ1vV58nBF4nODHbP/f4dRxsc root@ubuntu-xenial (ED25519)
<14>Jul 23 22:00:45 ec2: 2048 SHA256:SY1+KEMcl9Ab2sa3bd6P1INRp5Q/ptuSMLTnSagGgvw root@ubuntu-xenial (RSA)
<14>Jul 23 22:00:45 ec2: -----END SSH HOST KEY FINGERPRINTS-----
<14>Jul 23 22:00:45 ec2: #############################################################
-----BEGIN SSH HOST KEY KEYS-----
ecdsa-sha2-nistp256 AAAAE2VjZHNhLXNoYTItbmlzdHAyNTYAAAAIbmlzdHAyNTYAAABBBCKxi0h0K1T+v76K/vAfbvmTbAG9RHXlvI5MGwu595l9MnFCvNWeIAYbr9DHVqdU+G81wnS85eBN7zoRqy1al8Y= root@ubuntu-xenial
ssh-ed25519 AAAAC3NzaC1lZDI1NTE5AAAAIPkQYJ4Wzh8XXStRCJKxqwir/LP/9HxvtbvbcfISdbVc root@ubuntu-xenial
ssh-rsa AAAAB3NzaC1yc2EAAAADAQABAAABAQC4naNerI4AdDzOtZCssqS/QnHIqAtvHdqGYmTfAV3qG9oQ5vvboEgx6l6Yg3mtFUdcjy8GwFzPktvqbNQjiBb0wrvHfYmG+sAwuNhuPSC8DTOSpPoPncUwXzYnI9DptwGF5X9mxvdsIIzeRi0Jhw9ty1qhFhvJseVzbViWQP3VOMB89pk7vitcIBMgotd0SWpaP+ccf20vXQMB3hGIOdvrM0y8i0ZwvSpY+tqHAViSnmsQaIUGrFkA+6CfaARVb2GaNTEMCrJoC2mlqI2KGlDs23ASF+QBFSAV7Iw/+0io3Orj2FCdrTgpOvdOqhkUwTaW8FV/BfKOzQV5lON7sbUV root@ubuntu-xenial
-----END SSH HOST KEY KEYS-----
[   22.644688] cloud-init[1328]: Cloud-init v. 18.2 running 'modules:final' at Mon, 23 Jul 2018 22:00:44 +0000. Up 22.25 seconds.
[   22.671446] cloud-init[1328]: ci-info: no authorized ssh keys fingerprints found for user ubuntu.
[   22.675477] cloud-init[1328]: Cloud-init v. 18.2 finished at Mon, 23 Jul 2018 22:00:45 +0000. Datasource DataSourceNoCloud [seed=/dev/sdb][dsmode=net].  Up 22.62 seconds
[[0;32m  OK  [0m] Started Execute cloud user/final scripts.
[[0;32m  OK  [0m] Reached target Cloud-init target.

Ubuntu 16.04.4 LTS ubuntu-xenial ttyS0

ubuntu-xenial login: 